<?xml version="1.0" encoding="UTF-8"?>
<!-- Generated by org.testng.reporters.JUnitXMLReporter -->
<testsuite hostname="Carn-PC" name="Adding Stocks" tests="5" failures="0" timestamp="19 Aug 2018 05:51:54 GMT" time="106.341" errors="0">
  <testcase name="LoginCredentials" time="16.876" classname="com.sampleddf.core.ddf.loginpage.LoginPortfolio"/>
  <testcase name="LoginCredentialsNeg" time="12.213" classname="com.sampleddf.core.ddf.loginpage.LoginPortfolio"/>
  <testcase name="LoginCredentialsNeg" time="10.353" classname="com.sampleddf.core.ddf.loginpage.LoginPortfolio"/>
  <testcase name="LoginCredentialsNeg" time="26.109" classname="com.sampleddf.core.ddf.loginpage.LoginPortfolio"/>
  <testcase name="LogOut" time="11.875" classname="com.sampleddf.core.ddf.loginpage.LoginPortfolio"/>
</testsuite> <!-- Adding Stocks -->
