<?xml version="1.0" encoding="UTF-8"?>
<!-- Generated by org.testng.reporters.JUnitXMLReporter -->
<testsuite hostname="Carn-PC" name="Adding Stocks" tests="5" failures="0" timestamp="4 Sep 2018 17:56:44 GMT" time="212.527" errors="0">
  <testcase name="LoginCredentials" time="70.318" classname="com.sampleddf.core.ddf.loginpage.LoginPortfolio"/>
  <testcase name="LoginCredentialsNeg" time="19.545" classname="com.sampleddf.core.ddf.loginpage.LoginPortfolio"/>
  <testcase name="LoginCredentialsNeg" time="27.519" classname="com.sampleddf.core.ddf.loginpage.LoginPortfolio"/>
  <testcase name="LoginCredentialsNeg" time="12.871" classname="com.sampleddf.core.ddf.loginpage.LoginPortfolio"/>
  <testcase name="LogOut" time="23.798" classname="com.sampleddf.core.ddf.loginpage.LoginPortfolio"/>
</testsuite> <!-- Adding Stocks -->
