<?xml version="1.0" encoding="UTF-8"?>
<!-- Generated by org.testng.reporters.JUnitXMLReporter -->
<testsuite hostname="Carn-PC" name="SignUp" tests="1" failures="1" timestamp="20 Aug 2018 17:06:05 GMT" time="27.937" errors="0">
  <testcase name="LoginCredentials" time="2.367" classname="com.sampleddf.core.ddf.signup.SignUp">
    <failure type="org.testng.TestNGException" message="
The data provider is trying to pass 10 parameters but the method com.sampleddf.core.ddf.signup.SignUp#LoginCredentials takes 3">
      <![CDATA[org.testng.TestNGException: 
The data provider is trying to pass 10 parameters but the method com.sampleddf.core.ddf.signup.SignUp#LoginCredentials takes 3
... Removed 18 stack frames]]>
    </failure>
  </testcase> <!-- LoginCredentials -->
</testsuite> <!-- SignUp -->
