<?xml version="1.0" encoding="UTF-8"?>
<testng-results skipped="0" failed="0" total="5" passed="5">
  <reporter-output>
  </reporter-output>
  <suite name="Rediff Automation" duration-ms="0" started-at="2018-09-04T17:56:52Z" finished-at="2018-09-04T17:56:52Z">
    <groups>
    </groups>
  </suite> <!-- Rediff Automation -->
  <suite name="Rediff Money Portfolio Page Automation Suit A" duration-ms="212527" started-at="2018-09-04T17:53:12Z" finished-at="2018-09-04T17:56:44Z">
    <groups>
    </groups>
    <test name="Adding Stocks" duration-ms="212527" started-at="2018-09-04T17:53:12Z" finished-at="2018-09-04T17:56:44Z">
      <class name="com.sampleddf.core.ddf.loginpage.LoginPortfolio">
        <test-method status="PASS" signature="Emailingini()[pri:0, instance:com.sampleddf.core.ddf.loginpage.LoginPortfolio@1c72da34]" name="Emailingini" is-config="true" duration-ms="65" started-at="2018-09-04T23:23:12Z" finished-at="2018-09-04T23:23:12Z">
          <reporter-output>
          </reporter-output>
        </test-method> <!-- Emailingini -->
        <test-method status="PASS" signature="BrowserTest()[pri:0, instance:com.sampleddf.core.ddf.loginpage.LoginPortfolio@1c72da34]" name="BrowserTest" is-config="true" duration-ms="45582" started-at="2018-09-04T23:23:12Z" finished-at="2018-09-04T23:23:57Z">
          <reporter-output>
          </reporter-output>
        </test-method> <!-- BrowserTest -->
        <test-method status="PASS" signature="LoginCredentials(java.lang.String, java.lang.String)[pri:1, instance:com.sampleddf.core.ddf.loginpage.LoginPortfolio@1c72da34]" name="LoginCredentials" duration-ms="70318" started-at="2018-09-04T23:24:04Z" data-provider="getDataPos" finished-at="2018-09-04T23:25:14Z">
          <params>
            <param index="0">
              <value>
                <![CDATA[tejastikhe@gmail.com]]>
              </value>
            </param>
            <param index="1">
              <value>
                <![CDATA[autotest@123]]>
              </value>
            </param>
          </params>
          <reporter-output>
          </reporter-output>
        </test-method> <!-- LoginCredentials -->
        <test-method status="PASS" signature="LoginCredentialsNeg(java.lang.String, java.lang.String)[pri:3, instance:com.sampleddf.core.ddf.loginpage.LoginPortfolio@1c72da34]" name="LoginCredentialsNeg" duration-ms="19545" started-at="2018-09-04T23:25:15Z" data-provider="getData" finished-at="2018-09-04T23:25:34Z">
          <params>
            <param index="0">
              <value>
                <![CDATA[$%^^]]>
              </value>
            </param>
            <param index="1">
              <value>
                <![CDATA[gdfdfdty]]>
              </value>
            </param>
          </params>
          <reporter-output>
          </reporter-output>
        </test-method> <!-- LoginCredentialsNeg -->
        <test-method status="PASS" signature="LoginCredentialsNeg(java.lang.String, java.lang.String)[pri:3, instance:com.sampleddf.core.ddf.loginpage.LoginPortfolio@1c72da34]" name="LoginCredentialsNeg" duration-ms="27519" started-at="2018-09-04T23:25:34Z" data-provider="getData" finished-at="2018-09-04T23:26:02Z">
          <params>
            <param index="0">
              <value>
                <![CDATA[tejastikhe@gmail.com]]>
              </value>
            </param>
            <param index="1">
              <value>
                <![CDATA[gdfdfd]]>
              </value>
            </param>
          </params>
          <reporter-output>
          </reporter-output>
        </test-method> <!-- LoginCredentialsNeg -->
        <test-method status="PASS" signature="LoginCredentialsNeg(java.lang.String, java.lang.String)[pri:3, instance:com.sampleddf.core.ddf.loginpage.LoginPortfolio@1c72da34]" name="LoginCredentialsNeg" duration-ms="12871" started-at="2018-09-04T23:26:02Z" data-provider="getData" finished-at="2018-09-04T23:26:14Z">
          <params>
            <param index="0">
              <value>
                <![CDATA[$%^^]]>
              </value>
            </param>
            <param index="1">
              <value>
                <![CDATA[autotest@123]]>
              </value>
            </param>
          </params>
          <reporter-output>
          </reporter-output>
        </test-method> <!-- LoginCredentialsNeg -->
        <test-method status="PASS" signature="LogOut()[pri:2, instance:com.sampleddf.core.ddf.loginpage.LoginPortfolio@1c72da34]" name="LogOut" duration-ms="23798" started-at="2018-09-04T23:26:15Z" depends-on-methods="com.sampleddf.core.ddf.loginpage.LoginPortfolio.LoginCredentials" finished-at="2018-09-04T23:26:38Z">
          <reporter-output>
          </reporter-output>
        </test-method> <!-- LogOut -->
        <test-method status="PASS" signature="QuitBrowser()[pri:0, instance:com.sampleddf.core.ddf.loginpage.LoginPortfolio@1c72da34]" name="QuitBrowser" is-config="true" duration-ms="6018" started-at="2018-09-04T23:26:38Z" finished-at="2018-09-04T23:26:44Z">
          <reporter-output>
          </reporter-output>
        </test-method> <!-- QuitBrowser -->
        <test-method status="PASS" signature="Emailing()[pri:0, instance:com.sampleddf.core.ddf.loginpage.LoginPortfolio@1c72da34]" name="Emailing" is-config="true" duration-ms="6547" started-at="2018-09-04T23:26:45Z" finished-at="2018-09-04T23:26:51Z">
          <reporter-output>
          </reporter-output>
        </test-method> <!-- Emailing -->
      </class> <!-- com.sampleddf.core.ddf.loginpage.LoginPortfolio -->
    </test> <!-- Adding Stocks -->
  </suite> <!-- Rediff Money Portfolio Page Automation Suit A -->
</testng-results>
